<?xml version="1.0" encoding="UTF-8"?>
<testsuite name="Add Customer Test"
           tests="8"
           failures="1"
           errors="0"
           skipped="7"
           time="4.851">
  <properties />
            <testcase name="setUp" time="4.851" classname="com.w2a.testcases.AddCustomerTest">
                <failure type="org.openqa.selenium.SessionNotCreatedException"
                  message="session not created: Chrome version must be between 71 and 75
  (Driver info: chromedriver=2.46.628402 (536cd7adbad73a3783fdc2cab92ab2ba7ec361e1),platform=Windows NT 10.0.17134 x86_64) (WARNING: The server did not provide any stacktrace information)
Command duration or timeout: 2.51 seconds
Build info: version: &apos;3.141.59&apos;, revision: &apos;e82be7d358&apos;, time: &apos;2018-11-14T08:17:03&apos;
System info: host: &apos;DESKTOP-PLEG044&apos;, ip: &apos;127.0.0.1&apos;, os.name: &apos;Windows 10&apos;, os.arch: &apos;amd64&apos;, os.version: &apos;10.0&apos;, java.version: &apos;1.8.0_211&apos;
Driver info: driver.version: ChromeDriver"
              >
<![CDATA[org.openqa.selenium.SessionNotCreatedException: session not created: Chrome version must be between 71 and 75
  (Driver info: chromedriver=2.46.628402 (536cd7adbad73a3783fdc2cab92ab2ba7ec361e1),platform=Windows NT 10.0.17134 x86_64) (WARNING: The server did not provide any stacktrace information)
Command duration or timeout: 2.51 seconds
Build info: version: '3.141.59', revision: 'e82be7d358', time: '2018-11-14T08:17:03'
System info: host: 'DESKTOP-PLEG044', ip: '127.0.0.1', os.name: 'Windows 10', os.arch: 'amd64', os.version: '10.0', java.version: '1.8.0_211'
Driver info: driver.version: ChromeDriver
  sun.reflect.NativeConstructorAccessorImpl.newInstance0(Native Method)
  sun.reflect.NativeConstructorAccessorImpl.newInstance(Unknown Source)
  sun.reflect.DelegatingConstructorAccessorImpl.newInstance(Unknown Source)
  java.lang.reflect.Constructor.newInstance(Unknown Source)
  org.openqa.selenium.remote.ErrorHandler.createThrowable(ErrorHandler.java:214)
  org.openqa.selenium.remote.ErrorHandler.throwIfResponseFailed(ErrorHandler.java:166)
  org.openqa.selenium.remote.JsonWireProtocolResponse.lambda$errorHandler$0(JsonWireProtocolResponse.java:54)
  org.openqa.selenium.remote.HandshakeResponse.lambda$getResponseFunction$0(HandshakeResponse.java:30)
  org.openqa.selenium.remote.ProtocolHandshake.lambda$createSession$0(ProtocolHandshake.java:126)
  java.util.stream.ReferencePipeline$3$1.accept(Unknown Source)
  java.util.Spliterators$ArraySpliterator.tryAdvance(Unknown Source)
  java.util.stream.ReferencePipeline.forEachWithCancel(Unknown Source)
  java.util.stream.AbstractPipeline.copyIntoWithCancel(Unknown Source)
  java.util.stream.AbstractPipeline.copyInto(Unknown Source)
  java.util.stream.AbstractPipeline.wrapAndCopyInto(Unknown Source)
  java.util.stream.FindOps$FindOp.evaluateSequential(Unknown Source)
  java.util.stream.AbstractPipeline.evaluate(Unknown Source)
  java.util.stream.ReferencePipeline.findFirst(Unknown Source)
  org.openqa.selenium.remote.ProtocolHandshake.createSession(ProtocolHandshake.java:128)
  org.openqa.selenium.remote.ProtocolHandshake.createSession(ProtocolHandshake.java:74)
  org.openqa.selenium.remote.HttpCommandExecutor.execute(HttpCommandExecutor.java:136)
  org.openqa.selenium.remote.service.DriverCommandExecutor.execute(DriverCommandExecutor.java:83)
  org.openqa.selenium.remote.RemoteWebDriver.execute(RemoteWebDriver.java:552)
  org.openqa.selenium.remote.RemoteWebDriver.startSession(RemoteWebDriver.java:213)
  org.openqa.selenium.remote.RemoteWebDriver.<init>(RemoteWebDriver.java:131)
  org.openqa.selenium.chrome.ChromeDriver.<init>(ChromeDriver.java:181)
  org.openqa.selenium.chrome.ChromeDriver.<init>(ChromeDriver.java:168)
  org.openqa.selenium.chrome.ChromeDriver.<init>(ChromeDriver.java:123)
  com.w2a.base.TestBase.setUp(TestBase.java:75)
  sun.reflect.NativeMethodAccessorImpl.invoke0(Native Method)
  sun.reflect.NativeMethodAccessorImpl.invoke(Unknown Source)
  sun.reflect.DelegatingMethodAccessorImpl.invoke(Unknown Source)
  java.lang.reflect.Method.invoke(Unknown Source)
  org.testng.internal.MethodInvocationHelper.invokeMethod(MethodInvocationHelper.java:108)
  org.testng.internal.Invoker.invokeConfigurationMethod(Invoker.java:523)
  org.testng.internal.Invoker.invokeConfigurations(Invoker.java:224)
  org.testng.internal.Invoker.invokeConfigurations(Invoker.java:146)
  org.testng.SuiteRunner.privateRun(SuiteRunner.java:326)
  org.testng.SuiteRunner.run(SuiteRunner.java:289)
  org.testng.SuiteRunnerWorker.runSuite(SuiteRunnerWorker.java:52)
  org.testng.SuiteRunnerWorker.run(SuiteRunnerWorker.java:86)
  org.testng.TestNG.runSuitesSequentially(TestNG.java:1301)
  org.testng.TestNG.runSuitesLocally(TestNG.java:1226)
  org.testng.TestNG.runSuites(TestNG.java:1144)
  org.testng.TestNG.run(TestNG.java:1115)
  org.testng.remote.AbstractRemoteTestNG.run(AbstractRemoteTestNG.java:115)
  org.testng.remote.RemoteTestNG.initAndRun(RemoteTestNG.java:251)
  org.testng.remote.RemoteTestNG.main(RemoteTestNG.java:77)
]]>
      </failure>

          </testcase>
  
            <testcase name="tearDown" time="0.0" classname="com.w2a.testcases.AddCustomerTest">
          <skipped />
    </testcase>
            <testcase name="addCustomer" time="0.0" classname="com.w2a.testcases.AddCustomerTest">
          <skipped />
    </testcase>
            <testcase name="addCustomer" time="0.0" classname="com.w2a.testcases.AddCustomerTest">
          <skipped />
    </testcase>
            <testcase name="addCustomer" time="0.0" classname="com.w2a.testcases.AddCustomerTest">
          <skipped />
    </testcase>
            <testcase name="addCustomer" time="0.0" classname="com.w2a.testcases.AddCustomerTest">
          <skipped />
    </testcase>
            <testcase name="addCustomer" time="0.0" classname="com.w2a.testcases.AddCustomerTest">
          <skipped />
    </testcase>
            <testcase name="addCustomer" time="0.0" classname="com.w2a.testcases.AddCustomerTest">
          <skipped />
    </testcase>
  
  
</testsuite>
